FIFO:     ENDERECO     PAGINA
              0           0
              8           1
              16           2
              38           4
              483           60
              129           16
              48           6
              28           3
              348           43
              127           15
              73           9
              82           10
              373           46
              627           78
              8           1
              5           0
              238           29

OPT:     ENDERECO     PAGINA
              0           0
              8           1
              16           2
              38           4
              483           60
              129           16
              48           6
              28           3
              348           43
              127           15
              73           9
              82           10
              373           46
              627           78
              238           29

LRU:     ENDERECO     PAGINA
              0           0
              8           1
              16           2
              38           4
              483           60
              129           16
              48           6
              28           3
              348           43
              127           15
              73           9
              82           10
              373           46
              16           2
              627           78
              238           29